<?xml version="1.0" encoding="UTF-8"?>
<coverage generated="1782872452702" clover="3.2.0">
  <project timestamp="1782872452702" name="All files">
    <metrics statements="2" coveredstatements="2" conditionals="0" coveredconditionals="0" methods="1" coveredmethods="1" elements="3" coveredelements="3" complexity="0" loc="2" ncloc="2" packages="1" files="1" classes="1"/>
    <file name="pipeline.ts" path="/home/rpolan/projects/.hicode-worktrees/hicode-site/010-atualize-o-pipeline-colocando-mais-cores/src/pipeline.ts">
      <metrics statements="2" coveredstatements="2" conditionals="0" coveredconditionals="0" methods="1" coveredmethods="1"/>
      <line num="10" count="1" type="stmt"/>
      <line num="20" count="5" type="stmt"/>
    </file>
  </project>
</coverage>
