{"/home/rpolan/projects/.hicode-worktrees/hicode-site/010-atualize-o-pipeline-colocando-mais-cores/src/pipeline.ts": {"path":"/home/rpolan/projects/.hicode-worktrees/hicode-site/010-atualize-o-pipeline-colocando-mais-cores/src/pipeline.ts","statementMap":{"0":{"start":{"line":10,"column":40},"end":{"line":17,"column":null}},"1":{"start":{"line":20,"column":2},"end":{"line":24,"column":null}}},"fnMap":{"0":{"name":"stepStyle","decl":{"start":{"line":19,"column":16},"end":{"line":19,"column":26}},"loc":{"start":{"line":19,"column":61},"end":{"line":25,"column":null}},"line":19}},"branchMap":{},"s":{"0":1,"1":5},"f":{"0":5},"b":{},"meta":{"lastBranch":0,"lastFunction":1,"lastStatement":2,"seen":{"s:10:40:17:Infinity":0,"f:19:16:19:26":0,"s:20:2:24:Infinity":1},"fnNames":{}}}
}
